TN:
SF:RSA\rsa.js
FN:1,generate
FN:17,encryption
FN:23,decryption
FNF:3
FNH:3
FNDA:5,generate
FNDA:3,encryption
FNDA:1,decryption
DA:1,5
DA:2,5
DA:3,5
DA:4,5
DA:5,5
DA:6,5
DA:7,10
DA:8,5
DA:9,5
DA:10,5
DA:11,10
DA:12,5
DA:13,5
DA:14,5
DA:15,5
DA:16,1
DA:17,3
DA:18,3
DA:19,3
DA:20,3
DA:21,3
DA:22,1
DA:23,1
DA:24,1
DA:25,1
DA:26,5
DA:27,5
DA:28,1
DA:29,1
DA:30,1
DA:31,1
DA:32,1
DA:33,1
DA:34,1
DA:35,1
DA:36,1
LF:36
LH:36
BRDA:1,0,0,5
BRDA:6,1,0,10
BRDA:7,2,0,5
BRDA:17,3,0,3
BRDA:23,4,0,1
BRDA:25,5,0,5
BRF:6
BRH:6
end_of_record
