TN:
SF:part4.js
FN:33,getString
FNF:1
FNH:1
FNDA:29,getString
DA:1,1
DA:2,1
DA:3,1
DA:4,1
DA:5,1
DA:6,1
DA:7,1
DA:8,1
DA:9,1
DA:10,1
DA:11,1
DA:12,1
DA:13,1
DA:14,1
DA:15,1
DA:16,1
DA:17,1
DA:18,1
DA:19,1
DA:20,1
DA:21,1
DA:22,1
DA:23,1
DA:24,1
DA:25,1
DA:26,1
DA:27,1
DA:28,1
DA:29,1
DA:30,1
DA:31,1
DA:32,1
DA:33,29
DA:34,29
DA:35,29
DA:36,29
DA:37,29
DA:38,29
DA:39,29
DA:40,29
DA:41,29
DA:42,29
DA:43,29
DA:44,29
DA:45,29
DA:46,29
DA:47,29
DA:48,5
DA:49,5
DA:50,29
DA:51,5
DA:52,5
DA:53,29
DA:54,5
DA:55,5
DA:56,14
DA:57,29
DA:58,9
DA:59,9
DA:60,9
DA:61,9
DA:62,9
DA:63,1
DA:64,1
DA:65,1
DA:66,8
DA:67,1
DA:68,1
DA:69,1
DA:70,1
DA:71,1
DA:72,7
DA:73,6
DA:74,6
DA:75,9
DA:76,9
DA:77,5
DA:78,5
DA:79,1
DA:80,1
DA:81,1
DA:82,1
DA:83,1
DA:84,1
DA:85,1
DA:86,1
DA:87,1
DA:88,1
DA:89,1
DA:90,1
DA:91,1
DA:92,1
DA:93,1
DA:94,1
DA:95,1
DA:96,1
DA:97,1
DA:98,1
DA:99,1
DA:100,1
DA:101,1
DA:102,1
DA:103,1
DA:104,1
DA:105,1
DA:106,1
DA:107,1
DA:108,1
DA:109,1
DA:110,1
DA:111,1
DA:112,1
DA:113,1
DA:114,1
DA:115,1
DA:116,1
DA:117,1
DA:118,1
DA:119,1
DA:120,1
DA:121,1
DA:122,1
DA:123,1
DA:124,1
DA:125,1
DA:126,1
DA:127,1
DA:128,1
DA:129,1
LF:129
LH:129
BRDA:33,0,0,29
BRDA:47,1,0,5
BRDA:50,2,0,24
BRDA:50,3,0,5
BRDA:53,4,0,19
BRDA:53,5,0,5
BRDA:56,6,0,14
BRDA:57,7,0,9
BRDA:57,8,0,9
BRDA:62,9,0,2
BRDA:62,10,0,1
BRDA:66,11,0,8
BRDA:66,12,0,7
BRDA:66,13,0,1
BRDA:72,14,0,7
BRDA:72,15,0,6
BRDA:72,16,0,6
BRDA:76,17,0,5
BRF:18
BRH:18
end_of_record
